\BOOKMARK [0][-]{chapter*.3}{\376\377\000I\000n\000t\000r\000o\000d\000u\000c\000t\000i\000o\000n}{}% 1
\BOOKMARK [0][-]{chapter.1}{\376\377\000L\000e\000s\000\040\000R\000e\000p\000r\000\351\000s\000e\000n\000t\000a\000t\000i\000o\000n\000s\000\040\000e\000n\000\040\000l\000i\000g\000n\000e\000\040\000d\000e\000s\000\040\000d\000i\000a\000s\000p\000o\000r\000a\000s}{}% 2
\BOOKMARK [1][-]{section.1.1}{\376\377\000G\000\351\000n\000\351\000a\000l\000o\000g\000i\000e\000\040\000d\000u\000\040\000W\000e\000b}{chapter.1}% 3
\BOOKMARK [1][-]{section.1.2}{\376\377\000D\000i\000s\000p\000e\000r\000s\000\351\000s\000\040\000m\000a\000i\000s\000\040\000p\000r\000\351\000s\000e\000n\000t\000s\000\040\000s\000u\000r\000\040\000l\000a\000\040\000t\000o\000i\000l\000e}{chapter.1}% 4
\BOOKMARK [1][-]{section.1.3}{\376\377\000L\000'\000A\000t\000l\000a\000s\000\040\000e\000-\000D\000i\000a\000s\000p\000o\000r\000a\000s\000\040\000:\000\040\000c\000a\000r\000t\000o\000g\000r\000a\000p\000h\000i\000e\000r\000\040\000l\000e\000s\000\040\000s\000i\000t\000e\000s\000\040\000m\000i\000g\000r\000a\000n\000t\000s}{chapter.1}% 5
\BOOKMARK [0][-]{chapter.2}{\376\377\000P\000r\000\351\000s\000e\000r\000v\000e\000r\000\040\000l\000e\000\040\000W\000e\000b\000\040\000e\000t\000\040\000l\000e\000s\000\040\000e\000-\000D\000i\000a\000s\000p\000o\000r\000a\000s}{}% 6
\BOOKMARK [1][-]{section.2.1}{\376\377\000V\000i\000n\000g\000t\000\040\000a\000n\000s\000\040\000d\000'\000a\000r\000c\000h\000i\000v\000a\000g\000e\000\040\000d\000u\000\040\000W\000e\000b}{chapter.2}% 7
\BOOKMARK [1][-]{section.2.2}{\376\377\000S\000\351\000l\000e\000c\000t\000i\000o\000n\000n\000e\000r\000,\000\040\000c\000o\000l\000l\000e\000c\000t\000e\000r\000\040\000e\000t\000\040\000c\000o\000n\000s\000u\000l\000t\000e\000r\000\040\000l\000e\000s\000\040\000c\000o\000r\000p\000u\000s}{chapter.2}% 8
\BOOKMARK [1][-]{section.2.3}{\376\377\000L\000e\000s\000\040\000a\000r\000c\000h\000i\000v\000e\000s\000\040\000W\000e\000b\000\040\000d\000e\000\040\000l\000'\000A\000t\000l\000a\000s\000\040\000e\000-\000D\000i\000a\000s\000p\000o\000r\000a\000s}{chapter.2}% 9
\BOOKMARK [0][-]{chapter.3}{\376\377\000T\000r\000a\000c\000e\000s\000\040\000d\000i\000s\000c\000r\000\351\000t\000i\000s\000\351\000e\000s\000\040\000e\000t\000\040\000t\000e\000m\000p\000o\000r\000a\000l\000i\000t\000\351\000\040\000f\000i\000g\000\351\000e}{}% 10
\BOOKMARK [1][-]{section.3.1}{\376\377\000D\000\351\000t\000r\000u\000i\000r\000e\000\040\000p\000o\000u\000r\000\040\000m\000i\000e\000u\000x\000\040\000a\000r\000c\000h\000i\000v\000e\000r}{chapter.3}% 11
\BOOKMARK [1][-]{section.3.2}{\376\377\000U\000n\000\040\000t\000e\000m\000p\000s\000\040\000s\000a\000n\000s\000\040\000d\000u\000r\000\351\000e}{chapter.3}% 12
\BOOKMARK [1][-]{section.3.3}{\376\377\000C\000o\000n\000s\000t\000r\000u\000i\000r\000e\000\040\000u\000n\000\040\000m\000o\000t\000e\000u\000r\000\040\000d\000'\000e\000x\000p\000l\000o\000r\000a\000t\000i\000o\000n\000\040\000d\000'\000a\000r\000c\000h\000i\000v\000e\000s\000\040\000W\000e\000b}{chapter.3}% 13
\BOOKMARK [1][-]{section.3.4}{\376\377\000L\000e\000s\000\040\000a\000r\000c\000h\000i\000v\000e\000s\000\040\000n\000e\000\040\000s\000o\000n\000t\000\040\000p\000a\000s\000\040\000d\000e\000s\000\040\000t\000r\000a\000c\000e\000s\000\040\000d\000i\000r\000e\000c\000t\000e\000s\000\040\000d\000u\000\040\000W\000e\000b}{chapter.3}% 14
\BOOKMARK [0][-]{chapter.4}{\376\377\000F\000r\000a\000g\000m\000e\000n\000t\000e\000r\000\040\000l\000e\000s\000\040\000a\000r\000c\000h\000i\000v\000e\000s\000\040\000W\000e\000b}{}% 15
\BOOKMARK [1][-]{section.4.1}{\376\377\000E\000n\000\040\000d\000e\000s\000s\000o\000u\000s\000\040\000d\000e\000s\000\040\000p\000a\000g\000e\000s\000\040\000W\000e\000b}{chapter.4}% 16
\BOOKMARK [1][-]{section.4.2}{\376\377\000L\000e\000\040\000f\000r\000a\000g\000m\000e\000n\000t\000\040\000W\000e\000b\000\040\000:\000\040\000d\000\351\000f\000i\000n\000i\000t\000i\000o\000n}{chapter.4}% 17
\BOOKMARK [1][-]{section.4.3}{\376\377\000S\000c\000r\000a\000p\000i\000n\000g\000\040\000e\000t\000\040\000m\000\351\000t\000h\000o\000d\000o\000l\000o\000g\000i\000e\000\040\000d\000'\000e\000x\000t\000r\000a\000c\000t\000i\000o\000n}{chapter.4}% 18
\BOOKMARK [1][-]{section.4.4}{\376\377\000P\000e\000n\000s\000e\000r\000\040\000u\000n\000e\000\040\000e\000x\000p\000l\000o\000r\000a\000t\000i\000o\000n\000\040\000d\000\351\000s\000a\000g\000r\000\351\000g\000\351\000e}{chapter.4}% 19
\BOOKMARK [1][-]{section.4.5}{\376\377\000I\000n\000t\000\351\000g\000r\000a\000t\000i\000o\000n\000\040\000a\000u\000\040\000m\000o\000t\000e\000u\000r\000\040\000d\000'\000e\000x\000p\000l\000o\000r\000a\000t\000i\000o\000n}{chapter.4}% 20
\BOOKMARK [0][-]{chapter.5}{\376\377\000E\000x\000p\000l\000o\000r\000a\000t\000i\000o\000n\000\040\000d\000e\000\040\000c\000o\000l\000l\000e\000c\000t\000i\000f\000s\000\040\000m\000i\000g\000r\000a\000n\000t\000s\000\040\000\351\000t\000e\000i\000n\000t\000s}{}% 21
\BOOKMARK [1][-]{section.5.1}{\376\377\000\300\000\040\000l\000a\000\040\000r\000e\000c\000h\000e\000r\000c\000h\000e\000\040\000d\000e\000\040\000l\000'\000\351\000t\000o\000n\000n\000e\000m\000e\000n\000t}{chapter.5}% 22
\BOOKMARK [1][-]{section.5.2}{\376\377\000L\000e\000s\000\040\000t\000r\000a\000c\000e\000s\000\040\000d\000'\000u\000n\000e\000\040\000m\000u\000t\000a\000t\000i\000o\000n\000\040\000n\000u\000m\000\351\000r\000i\000q\000u\000e}{chapter.5}% 23
\BOOKMARK [1][-]{section.5.3}{\376\377\000U\000n\000\040\000s\000o\000u\000l\000\350\000v\000e\000m\000e\000n\000t\000\040\000e\000n\000\040\000l\000i\000g\000n\000e\000\040\000\351\000p\000h\000\351\000m\000\350\000r\000e}{chapter.5}% 24
\BOOKMARK [1][-]{section.5.4}{\376\377\000M\000e\000n\000e\000r\000\040\000d\000e\000s\000\040\000r\000e\000c\000h\000e\000r\000c\000h\000e\000s\000\040\000h\000i\000s\000t\000o\000r\000i\000q\000u\000e\000s\000\040\000d\000e\000p\000u\000i\000s\000\040\000l\000e\000s\000\040\000a\000r\000c\000h\000i\000v\000e\000s\000\040\000W\000e\000b}{chapter.5}% 25
\BOOKMARK [0][-]{chapter.6}{\376\377\000A\000u\000\040\000D\000e\000l\000\340\000\040\000d\000e\000s\000\040\000A\000r\000c\000h\000i\000v\000e\000s\000\040\000W\000e\000b}{}% 26
\BOOKMARK [1][-]{section.6.1}{\376\377\000L\000e\000s\000\040\000a\000r\000c\000h\000i\000v\000e\000s\000\040\000d\000e\000\040\000n\000a\000v\000i\000g\000a\000t\000i\000o\000n\000\040\000W\000e\000b\000\040\000d\000e\000\040\000l\000a\000\040\000B\000P\000I}{chapter.6}% 27
\BOOKMARK [1][-]{section.6.2}{\376\377\000L\000e\000s\000\040\000d\000y\000n\000a\000m\000i\000q\000u\000e\000s\000\040\000d\000e\000\040\000l\000'\000a\000c\000c\000u\000e\000i\000l\000\040\000d\000e\000s\000\040\000r\000\351\000f\000u\000g\000i\000\351\000s\000\040\000\050\0002\0000\0001\0005\000-\0002\0000\0001\0007\000\051}{chapter.6}% 28
\BOOKMARK [0][-]{chapter*.72}{\376\377\000C\000o\000n\000c\000l\000u\000s\000i\000o\000n}{}% 29
\BOOKMARK [0][-]{chapter*.73}{\376\377\000B\000i\000b\000l\000i\000o\000g\000r\000a\000p\000h\000i\000e}{}% 30
